[19:16:01] [main/INFO] (FabricLoader/GameProvider) Loading Minecraft 1.20.1 with Fabric Loader 0.14.24
[19:16:01] [main/INFO] (FabricLoader) Loading 59 mods:
	- cobblemaxer 1.0.0
	- cobblemon 1.4.0+1.20.1-SNAPSHOT
	- fabric-api 0.89.3+1.20.1
	- fabric-api-base 0.4.30+7abfd51577
	- fabric-api-lookup-api-v1 1.6.35+4d8536c977
	- fabric-biome-api-v1 13.0.11+0737cd8077
	- fabric-block-api-v1 1.0.10+92a0d36777
	- fabric-block-view-api-v2 1.0.0+92a0d36777
	- fabric-blockrenderlayer-v1 1.1.40+b3afc78b77
	- fabric-client-tags-api-v1 1.1.1+97bb207577
	- fabric-command-api-v1 1.2.33+f71b366f77
	- fabric-command-api-v2 2.2.12+b3afc78b77
	- fabric-commands-v0 0.2.50+df3654b377
	- fabric-containers-v0 0.1.63+df3654b377
	- fabric-content-registries-v0 4.0.10+57aed33f77
	- fabric-convention-tags-v1 1.5.4+a1a980da77
	- fabric-crash-report-info-v1 0.2.18+aeb40ebe77
	- fabric-data-generation-api-v1 12.3.1+0889cb7877
	- fabric-dimensions-v1 2.1.53+8536527b77
	- fabric-entity-events-v1 1.5.22+b3afc78b77
	- fabric-events-interaction-v0 0.6.1+e91849a877
	- fabric-events-lifecycle-v0 0.2.62+df3654b377
	- fabric-game-rule-api-v1 1.0.38+b04edc7a77
	- fabric-gametest-api-v1 1.2.12+b3afc78b77
	- fabric-item-api-v1 2.1.27+b3afc78b77
	- fabric-item-group-api-v1 4.0.10+23d9108177
	- fabric-key-binding-api-v1 1.0.36+fb8d95da77
	- fabric-keybindings-v0 0.2.34+df3654b377
	- fabric-language-kotlin 1.10.17+kotlin.1.9.22
	- fabric-lifecycle-events-v1 2.2.21+b3afc78b77
	- fabric-loot-api-v2 1.1.39+b3afc78b77
	- fabric-loot-tables-v1 1.1.43+9e7660c677
	- fabric-message-api-v1 5.1.7+3265161977
	- fabric-mining-level-api-v1 2.1.49+b3afc78b77
	- fabric-model-loading-api-v1 1.0.2+709a987177
	- fabric-models-v0 0.4.1+9386d8a777
	- fabric-networking-api-v1 1.3.10+eeb8eb3677
	- fabric-networking-v0 0.3.50+df3654b377
	- fabric-object-builder-api-v1 11.1.1+6beca84877
	- fabric-particles-v1 1.1.1+201a23a077
	- fabric-recipe-api-v1 1.0.20+b3afc78b77
	- fabric-registry-sync-v0 2.3.2+4df89eb277
	- fabric-renderer-api-v1 3.2.0+39a511ba77
	- fabric-renderer-indigo 1.5.0+39a511ba77
	- fabric-renderer-registries-v1 3.2.45+df3654b377
	- fabric-rendering-data-attachment-v1 0.3.36+92a0d36777
	- fabric-rendering-fluids-v1 3.0.27+b3afc78b77
	- fabric-rendering-v0 1.1.48+df3654b377
	- fabric-rendering-v1 3.0.7+b3afc78b77
	- fabric-resource-conditions-api-v1 2.3.5+ea08f9d877
	- fabric-resource-loader-v0 0.11.9+132c48c177
	- fabric-screen-api-v1 2.0.7+b3afc78b77
	- fabric-screen-handler-api-v1 1.3.29+b3afc78b77
	- fabric-sound-api-v1 1.0.12+b3afc78b77
	- fabric-transfer-api-v1 3.3.1+195226a777
	- fabric-transitive-access-wideners-v1 4.3.0+6c31357e77
	- fabricloader 0.14.24
	- java 17
	- minecraft 1.20.1
[19:16:01] [main/INFO] (FabricLoader/Mixin) SpongePowered MIXIN Subsystem Version=0.8.5 Source=file:/C:/Users/ruanv/.gradle/caches/modules-2/files-2.1/net.fabricmc/sponge-mixin/0.12.5+mixin.0.8.5/8d31fb97c3e0cd7c8dad3441851c523bcfae6d8e/sponge-mixin-0.12.5+mixin.0.8.5.jar Service=Knot/Fabric Env=CLIENT
[19:16:01] [main/INFO] (FabricLoader/Mixin) Loaded Fabric development mappings for mixin remapper!
[19:16:01] [main/INFO] (FabricLoader/Mixin) Compatibility level set to JAVA_17
[19:16:07] [Datafixer Bootstrap/INFO] (Minecraft) 188 Datafixer optimizations took 113 milliseconds
[19:16:08] [Render thread/INFO] (Minecraft) Environment: authHost='https://authserver.mojang.com', accountsHost='https://api.mojang.com', sessionHost='https://sessionserver.mojang.com', servicesHost='https://api.minecraftservices.com', name='PROD'
[19:16:09] [Render thread/ERROR] (Minecraft) Failed to verify authentication
com.mojang.authlib.exceptions.InvalidCredentialsException: Status: 401
	at com.mojang.authlib.exceptions.MinecraftClientHttpException.toAuthenticationException(MinecraftClientHttpException.java:56) ~[authlib-4.0.43.jar:?]
	at com.mojang.authlib.yggdrasil.YggdrasilUserApiService.fetchProperties(YggdrasilUserApiService.java:156) ~[authlib-4.0.43.jar:?]
	at com.mojang.authlib.yggdrasil.YggdrasilUserApiService.<init>(YggdrasilUserApiService.java:55) ~[authlib-4.0.43.jar:?]
	at com.mojang.authlib.yggdrasil.YggdrasilAuthenticationService.createUserApiService(YggdrasilAuthenticationService.java:124) ~[authlib-4.0.43.jar:?]
	at net.minecraft.client.MinecraftClient.createUserApiService(MinecraftClient.java:733) ~[minecraft-merged-b43cdfb89a-1.20.1-net.fabricmc.yarn.1_20_1.1.20.1+build.8-v2.jar:?]
	at net.minecraft.client.MinecraftClient.<init>(MinecraftClient.java:442) ~[minecraft-merged-b43cdfb89a-1.20.1-net.fabricmc.yarn.1_20_1.1.20.1+build.8-v2.jar:?]
	at net.minecraft.client.main.Main.main(Main.java:211) ~[minecraft-merged-b43cdfb89a-1.20.1-net.fabricmc.yarn.1_20_1.1.20.1+build.8-v2.jar:?]
	at net.fabricmc.loader.impl.game.minecraft.MinecraftGameProvider.launch(MinecraftGameProvider.java:470) ~[fabric-loader-0.14.24.jar:?]
	at net.fabricmc.loader.impl.launch.knot.Knot.launch(Knot.java:74) ~[fabric-loader-0.14.24.jar:?]
	at net.fabricmc.loader.impl.launch.knot.KnotClient.main(KnotClient.java:23) ~[fabric-loader-0.14.24.jar:?]
	at net.fabricmc.devlaunchinjector.Main.main(Main.java:86) ~[dev-launch-injector-0.2.1+build.8.jar:?]
Caused by: com.mojang.authlib.exceptions.MinecraftClientHttpException: Status: 401
	at com.mojang.authlib.minecraft.client.MinecraftClient.readInputStream(MinecraftClient.java:85) ~[authlib-4.0.43.jar:?]
	at com.mojang.authlib.minecraft.client.MinecraftClient.get(MinecraftClient.java:48) ~[authlib-4.0.43.jar:?]
	at com.mojang.authlib.yggdrasil.YggdrasilUserApiService.fetchProperties(YggdrasilUserApiService.java:129) ~[authlib-4.0.43.jar:?]
	... 9 more
[19:16:09] [Render thread/INFO] (Minecraft) Setting user: Player875
[19:16:09] [Render thread/INFO] (CobblemaxerMod) Register Mod Items for cobblemaxer
[19:16:09] [Render thread/INFO] (Cobblemon) Booting LaxPermissionValidator, permissions will be checked using Minecrafts permission level system, see https://minecraft.fandom.com/wiki/Permission_level
[19:16:10] [Render thread/ERROR] (Minecraft) No data fixer registered for cobblemon:pokemon
[19:16:10] [Render thread/ERROR] (Minecraft) No data fixer registered for cobblemon:empty_pokeball
[19:16:11] [Render thread/INFO] (Cobblemon) Starting the Best Spawner...
[19:16:11] [Render thread/INFO] (Cobblemon) Loaded 5 spawning condition types.
[19:16:11] [Render thread/INFO] (Cobblemon) Loaded 5 spawning context types.
[19:16:11] [Render thread/INFO] (Cobblemon) Loaded 1 spawn detail types.
[19:16:11] [Cobblemon Showdown/INFO] (Cobblemon) Starting showdown service...
[19:16:14] [Cobblemon Showdown/INFO] (Cobblemon) Showdown has been started!
[19:16:14] [Render thread/INFO] (Cobblemon) Note: Cobblemon data registries are only loaded once per server instance as Pokémon species are not safe to reload.
[19:16:14] [Render thread/INFO] (Cobblemon) Registered the cobblemon:species_features registry
[19:16:14] [Render thread/INFO] (Cobblemon) Registered the cobblemon:global_species_features registry
[19:16:14] [Render thread/INFO] (Cobblemon) Registered the cobblemon:species_feature_assignments registry
[19:16:14] [Render thread/INFO] (Cobblemon) Registered the cobblemon:moves registry
[19:16:14] [Render thread/INFO] (Cobblemon) Registered the cobblemon:abilities registry
[19:16:14] [Render thread/INFO] (Cobblemon) Registered the cobblemon:species registry
[19:16:14] [Render thread/INFO] (Cobblemon) Registered the cobblemon:species_additions registry
[19:16:14] [Render thread/INFO] (Cobblemon) Registered the cobblemon:pokeballs registry
[19:16:14] [Render thread/INFO] (Cobblemon) Registered the cobblemon:properties_tab_completion registry
[19:16:14] [Render thread/INFO] (Cobblemon) Registered the cobblemon:spawn_detail_presets registry
[19:16:14] [Render thread/INFO] (Cobblemon) Registered the cobblemon:mechanics registry
[19:16:14] [Render thread/INFO] (Cobblemon) Registered the cobblemon:bag_items registry
[19:16:14] [Render thread/INFO] (Cobblemon) Registered the cobblemon:spawn_pool_world registry
[19:16:14] [Render thread/INFO] (Cobblemon) Registered the cobblemon:berries registry
[19:16:14] [Render thread/INFO] (Cobblemon) Initializing Cobblemon client
[19:16:14] [Render thread/INFO] (Cobblemon) Registering custom BuiltinItemRenderers
[19:16:14] [Render thread/INFO] (Indigo) [Indigo] Registering Indigo renderer!
[19:16:14] [Render thread/INFO] (Minecraft) Backend library: LWJGL version 3.3.1 SNAPSHOT
[19:16:15] [Render thread/INFO] (Minecraft) Reloading ResourceManager: vanilla, fabric (fabric-block-view-api-v2, fabric-particles-v1, fabric-rendering-v0, fabric-crash-report-info-v1, fabric-resource-conditions-api-v1, fabric-recipe-api-v1, fabric-convention-tags-v1, fabric-api, fabric-transitive-access-wideners-v1, fabric-events-lifecycle-v0, fabric-command-api-v1, fabric-loot-api-v2, fabric-models-v0, fabric-api-lookup-api-v1, fabric-dimensions-v1, fabric-client-tags-api-v1, cobblemaxer, fabric-item-api-v1, fabric-renderer-registries-v1, fabric-lifecycle-events-v1, fabric-mining-level-api-v1, fabric-entity-events-v1, fabric-game-rule-api-v1, fabric-message-api-v1, fabric-screen-handler-api-v1, fabric-containers-v0, fabric-loot-tables-v1, fabric-command-api-v2, fabric-networking-api-v1, fabric-events-interaction-v0, fabric-content-registries-v0, fabric-model-loading-api-v1, cobblemon, fabric-rendering-fluids-v1, fabric-language-kotlin, fabric-object-builder-api-v1, fabric-commands-v0, fabric-renderer-api-v1, fabric-keybindings-v0, fabric-renderer-indigo, fabric-rendering-data-attachment-v1, fabric-transfer-api-v1, fabric-sound-api-v1, fabricloader, fabric-screen-api-v1, fabric-biome-api-v1, fabric-registry-sync-v0, fabric-networking-v0, fabric-key-binding-api-v1, fabric-block-api-v1, fabric-resource-loader-v0, fabric-rendering-v1, fabric-api-base, fabric-item-group-api-v1, fabric-gametest-api-v1, fabric-data-generation-api-v1, fabric-blockrenderlayer-v1)
[19:16:16] [Worker-Main-11/INFO] (Minecraft) Found unifont_all_no_pua-15.0.06.hex, loading
[19:16:16] [Realms Notification Availability checker #1/INFO] (Minecraft) Could not authorize you against Realms server: Invalid session id
[19:16:17] [Render thread/WARN] (Minecraft) Missing sound for event: minecraft:item.goat_horn.play
[19:16:17] [Render thread/WARN] (Minecraft) Missing sound for event: minecraft:entity.goat.screaming.horn_break
[19:16:18] [Render thread/INFO] (Minecraft) OpenAL initialized on device OpenAL Soft on Speaker (Realtek(R) Audio)
[19:16:18] [Render thread/INFO] (Minecraft) Sound engine started
[19:16:18] [Render thread/INFO] (Minecraft) Created: 1024x1024x4 minecraft:textures/atlas/blocks.png-atlas
[19:16:18] [Render thread/INFO] (Minecraft) Created: 256x256x4 minecraft:textures/atlas/signs.png-atlas
[19:16:18] [Render thread/INFO] (Minecraft) Created: 512x512x4 minecraft:textures/atlas/shield_patterns.png-atlas
[19:16:18] [Render thread/INFO] (Minecraft) Created: 512x512x4 minecraft:textures/atlas/banner_patterns.png-atlas
[19:16:18] [Render thread/INFO] (Minecraft) Created: 1024x1024x4 minecraft:textures/atlas/armor_trims.png-atlas
[19:16:18] [Render thread/INFO] (Minecraft) Created: 128x64x4 minecraft:textures/atlas/decorated_pot.png-atlas
[19:16:18] [Render thread/INFO] (Minecraft) Created: 256x256x4 minecraft:textures/atlas/chest.png-atlas
[19:16:18] [Render thread/INFO] (Minecraft) Created: 512x256x4 minecraft:textures/atlas/beds.png-atlas
[19:16:18] [Render thread/INFO] (Minecraft) Created: 512x256x4 minecraft:textures/atlas/shulker_boxes.png-atlas
[19:16:18] [Render thread/INFO] (Cobblemon) Registering PokéBall renderer
[19:16:18] [Render thread/INFO] (Cobblemon) Registering Pokémon renderer
[19:16:18] [Render thread/WARN] (Minecraft) Shader rendertype_entity_translucent_emissive could not find sampler named Sampler2 in the specified shader program.
[19:16:18] [Render thread/INFO] (Minecraft) Created: 512x256x0 minecraft:textures/atlas/particles.png-atlas
[19:16:18] [Render thread/WARN] (Minecraft) Missing particle sprites: cobblemon:metal_sparks
[19:16:18] [Render thread/INFO] (Minecraft) Created: 256x256x0 minecraft:textures/atlas/paintings.png-atlas
[19:16:18] [Render thread/INFO] (Minecraft) Created: 128x128x0 minecraft:textures/atlas/mob_effects.png-atlas
[19:16:18] [Render thread/INFO] (Minecraft) Created: 128x128x0 cobblemon:textures/atlas/berries.png-atlas
[19:16:18] [Render thread/INFO] (Cobblemon) Loading assets...
[19:16:18] [Render thread/INFO] (Cobblemon) Loading particle effects...
[19:16:18] [Render thread/INFO] (Cobblemon) Loaded 18 particle effects
[19:16:18] [Render thread/INFO] (Cobblemon) Loading animations...
[19:16:19] [Render thread/INFO] (Cobblemon) Loaded 3030 animations from 542 animation groups
[19:16:19] [Render thread/INFO] (Cobblemon) Loading Pokémon models...
[19:16:19] [Render thread/INFO] (Cobblemon) Loaded 625 Pokémon models.
[19:16:20] [Render thread/INFO] (Cobblemon) Loading Poké Ball models...
[19:16:20] [Render thread/INFO] (Cobblemon) Loaded 1 Poké Ball models.
[19:16:20] [Render thread/INFO] (Cobblemon) Loaded 71 berry models
[19:16:20] [Render thread/INFO] (Cobblemon) Loaded assets
[19:16:37] [Render thread/INFO] (Minecraft) Loaded 7 recipes
[19:16:37] [Render thread/INFO] (Minecraft) Loaded 1525 advancements
[19:16:39] [Render thread/INFO] (Cobblemon) Loaded 917 moves
[19:16:39] [Render thread/INFO] (Cobblemon) Loaded 302 abilities
[19:16:39] [Render thread/INFO] (Cobblemon) Finished additions
[19:16:40] [Render thread/INFO] (Cobblemon) Imported 181 held item IDs from showdown
[19:16:40] [Render thread/INFO] (Cobblemon) Loaded 1010 Pokémon species
[19:16:40] [Render thread/INFO] (Cobblemon) Loaded 32 spawn detail presets.
[19:16:40] [Render thread/INFO] (Cobblemon) Starting dummy Showdown battle to force it to pre-load data.
[19:16:40] [Render thread/INFO] (Cobblemon) Loaded 69 berries
[19:16:41] [Render thread/INFO] (BiomeModificationImpl) Applied 528 biome modifications to 64 of 64 new biomes in 15.27 ms
[19:16:41] [Server thread/INFO] (Minecraft) Starting integrated minecraft server version 1.20.1
[19:16:41] [Server thread/INFO] (Minecraft) Generating keypair
[19:16:42] [Server thread/INFO] (Minecraft) Preparing start region for dimension minecraft:overworld
[19:16:43] [Render thread/INFO] (Minecraft) Preparing spawn area: 0%
[19:16:43] [Render thread/INFO] (Minecraft) Preparing spawn area: 0%
[19:16:43] [Render thread/INFO] (Minecraft) Preparing spawn area: 0%
[19:16:43] [Render thread/INFO] (Minecraft) Preparing spawn area: 0%
[19:16:44] [Render thread/INFO] (Minecraft) Preparing spawn area: 80%
[19:16:44] [Render thread/INFO] (Minecraft) Time elapsed: 2064 ms
[19:16:44] [Server thread/INFO] (Minecraft) Changing view distance to 12, from 10
[19:16:44] [Server thread/INFO] (Minecraft) Changing simulation distance to 12, from 0
[19:16:45] [Server thread/INFO] (Minecraft) Player875[local:E:4df3340c] logged in with entity id 250 at (30.201508462935227, 71.0, 369.33343433547174)
[19:16:45] [Server thread/INFO] (Minecraft) Player875 joined the game
[19:16:45] [Render thread/INFO] (Minecraft) Loaded 2 advancements
[19:17:12] [Render thread/INFO] (Minecraft) [System] [CHAT] Not a Pokémon
[19:17:12] [Render thread/INFO] (Minecraft) [System] [CHAT] Not a Pokémon
[19:17:13] [Render thread/INFO] (Minecraft) [System] [CHAT] Not a Pokémon
[19:17:15] [Render thread/INFO] (Minecraft) [System] [CHAT] Not your Pokémon
[19:17:15] [Render thread/INFO] (Minecraft) [System] [CHAT] Not your Pokémon
[19:17:19] [Server thread/INFO] (Minecraft) Saving and pausing game...
[19:17:19] [Server thread/INFO] (Minecraft) Saving chunks for level 'ServerLevel[New World]'/minecraft:overworld
[19:17:20] [Server thread/INFO] (Minecraft) Saving chunks for level 'ServerLevel[New World]'/minecraft:the_nether
[19:17:20] [Server thread/INFO] (Minecraft) Saving chunks for level 'ServerLevel[New World]'/minecraft:the_end
[19:17:21] [Server thread/INFO] (Minecraft) Player875 has made the advancement [The World of Cobblemon!]
[19:17:21] [Render thread/INFO] (Minecraft) [System] [CHAT] Player875 has made the advancement [The World of Cobblemon!]
[19:17:21] [Render thread/INFO] (Minecraft) Loaded 13 advancements
[19:17:31] [Render thread/INFO] (Minecraft) [System] [CHAT] Special Attack IV boosted to maximum!
[19:17:31] [Render thread/INFO] (Minecraft) [System] [CHAT] Special Defense IV boosted to maximum!
[19:17:32] [Render thread/INFO] (Minecraft) [System] [CHAT] Speed IV boosted to maximum!
[19:17:40] [Server thread/INFO] (Minecraft) [Player875: Set own game mode to Survival Mode]
[19:17:40] [Render thread/INFO] (Minecraft) [System] [CHAT] Set own game mode to Survival Mode
[19:17:41] [Render thread/INFO] (Minecraft) [System] [CHAT] Special Attack IV boosted to maximum!
[19:17:41] [Render thread/INFO] (Minecraft) [System] [CHAT] Special Defense IV boosted to maximum!
[19:17:42] [Render thread/INFO] (Minecraft) [System] [CHAT] Speed IV boosted to maximum!
[19:17:43] [Render thread/INFO] (Minecraft) [System] [CHAT] Defense IV boosted to maximum!
[19:17:43] [Render thread/INFO] (Minecraft) [System] [CHAT] Attack IV boosted to maximum!
[19:17:44] [Render thread/INFO] (Minecraft) [System] [CHAT] HP IV boosted to maximum!
[19:17:44] [Render thread/INFO] (Minecraft) [System] [CHAT] All IVs boosted to maximum!
[19:17:50] [Render thread/INFO] (Minecraft) [System] [CHAT] All IVs randomized!
[19:18:00] [Server thread/INFO] (Minecraft) [Player875: Set own game mode to Creative Mode]
[19:18:00] [Render thread/INFO] (Minecraft) [System] [CHAT] Set own game mode to Creative Mode
[19:18:17] [Render thread/INFO] (Minecraft) [System] [CHAT] Special Defense EV boosted to maximum!
[19:18:19] [Render thread/INFO] (Minecraft) [System] [CHAT] Special Attack EV boosted to maximum!
[19:18:20] [Render thread/INFO] (Minecraft) [System] [CHAT] Speed EV boosted to maximum!
[19:18:20] [Render thread/INFO] (Minecraft) [System] [CHAT] Defense EV boosted to maximum!
[19:18:21] [Render thread/INFO] (Minecraft) [System] [CHAT] Attack EV boosted to maximum!
[19:18:22] [Render thread/INFO] (Minecraft) [System] [CHAT] HP EV boosted to maximum!
[19:18:37] [Server thread/INFO] (Minecraft) Player875 has made the advancement [The First of Many]
[19:18:37] [Render thread/INFO] (Minecraft) [System] [CHAT] Player875 has made the advancement [The First of Many]
[19:18:37] [Render thread/INFO] (Minecraft) Loaded 24 advancements
[19:18:51] [Server thread/INFO] (Minecraft) Player875 has made the advancement [A New Friend!]
[19:18:51] [Render thread/INFO] (Minecraft) [System] [CHAT] Player875 has made the advancement [A New Friend!]
[19:18:51] [Render thread/INFO] (Minecraft) Loaded 26 advancements
[19:19:03] [Render thread/INFO] (Minecraft) [System] [CHAT] Speed EV boosted to maximum!
[19:19:04] [Render thread/INFO] (Minecraft) [System] [CHAT] Defense EV boosted to maximum!
[19:19:09] [Render thread/INFO] (Minecraft) [System] [CHAT] Attack EV boosted to maximum!
[19:19:17] [Render thread/INFO] (Minecraft) [System] [CHAT] All EVs randomized!
[19:19:20] [Render thread/INFO] (Minecraft) [System] [CHAT] All EVs randomized!
[19:19:25] [Render thread/INFO] (Minecraft) [System] [CHAT] All EVs randomized!
[19:19:28] [Render thread/INFO] (Minecraft) [System] [CHAT] All EVs randomized!
[19:19:31] [Render thread/INFO] (Minecraft) [System] [CHAT] All EVs randomized!
[19:19:34] [Render thread/INFO] (Minecraft) [System] [CHAT] All EVs randomized!
[19:19:37] [Render thread/INFO] (Minecraft) [System] [CHAT] All EVs randomized!
[19:19:40] [Render thread/INFO] (Minecraft) [System] [CHAT] All EVs randomized!
[19:19:42] [Render thread/INFO] (Minecraft) [System] [CHAT] All EVs randomized!
[19:19:45] [Render thread/INFO] (Minecraft) [System] [CHAT] All EVs randomized!
[19:19:48] [Render thread/INFO] (Minecraft) [System] [CHAT] All EVs randomized!
[19:19:51] [Render thread/INFO] (Minecraft) [System] [CHAT] All EVs randomized!
[19:19:58] [Render thread/INFO] (Minecraft) [System] [CHAT] Pokémon level maximized!
[19:19:59] [Render thread/INFO] (Minecraft) [System] [CHAT] Pineco seems ready to evolve!
[19:19:59] [Render thread/INFO] (Minecraft) [System] [CHAT] Pokémon level randomized!
[19:20:00] [Render thread/INFO] (Minecraft) [System] [CHAT] Pokémon level randomized!
[19:20:01] [Render thread/INFO] (Minecraft) [System] [CHAT] Pokémon level randomized!
[19:20:01] [Render thread/INFO] (Minecraft) [System] [CHAT] Pokémon level randomized!
[19:20:01] [Render thread/INFO] (Minecraft) [System] [CHAT] Pokémon level randomized!
[19:20:09] [Render thread/INFO] (Minecraft) [System] [CHAT] Pineco evolved into Forretress!
[19:20:09] [Server thread/INFO] (Minecraft) Player875 has made the advancement [Hard Work and Dedication]
[19:20:09] [Render thread/INFO] (Minecraft) [System] [CHAT] Forretress has learned Heavy Slam.
[19:20:09] [Render thread/INFO] (Minecraft) [System] [CHAT] Player875 has made the advancement [Hard Work and Dedication]
[19:20:09] [Render thread/INFO] (Minecraft) Loaded 26 advancements
[19:20:18] [Render thread/INFO] (Minecraft) [System] [CHAT] Pokémon level maximized!
[19:20:19] [Render thread/INFO] (Minecraft) [System] [CHAT] Charmander seems ready to evolve!
[19:20:19] [Render thread/INFO] (Minecraft) [System] [CHAT] Pokémon level randomized!
[19:20:21] [Render thread/INFO] (Minecraft) [System] [CHAT] Pokémon level randomized!
[19:20:21] [Render thread/INFO] (Minecraft) [System] [CHAT] Pokémon level randomized!
[19:20:26] [Render thread/INFO] (Minecraft) [System] [CHAT] Charmander evolved into Charmeleon!
[19:20:29] [Render thread/INFO] (Minecraft) [System] [CHAT] Pokémon level randomized!
[19:20:32] [Render thread/INFO] (Minecraft) [System] [CHAT] Pokémon level randomized!
[19:20:33] [Render thread/INFO] (Minecraft) [System] [CHAT] Charmeleon seems ready to evolve!
[19:20:33] [Render thread/INFO] (Minecraft) [System] [CHAT] Pokémon level randomized!
[19:20:33] [Render thread/INFO] (Minecraft) [System] [CHAT] Pokémon level randomized!
[19:20:34] [Render thread/INFO] (Minecraft) [System] [CHAT] Pokémon level randomized!
[19:20:34] [Render thread/INFO] (Minecraft) [System] [CHAT] Pokémon level randomized!
[19:20:35] [Render thread/INFO] (Minecraft) [System] [CHAT] Pokémon level randomized!
[19:20:36] [Render thread/INFO] (Minecraft) [System] [CHAT] Pokémon level randomized!
[19:20:38] [Render thread/INFO] (Minecraft) [System] [CHAT] Charmeleon evolved into Charizard!
[19:20:38] [Render thread/INFO] (Minecraft) [System] [CHAT] Charizard has learned Air Slash.
[19:20:40] [Render thread/INFO] (Minecraft) [System] [CHAT] Pokémon level maximized!
[19:20:44] [Server thread/INFO] (Minecraft) Saving and pausing game...
[19:20:44] [Server thread/INFO] (Minecraft) Saving chunks for level 'ServerLevel[New World]'/minecraft:overworld
[19:20:44] [Server thread/INFO] (Minecraft) Saving chunks for level 'ServerLevel[New World]'/minecraft:the_nether
[19:20:44] [Server thread/INFO] (Minecraft) Saving chunks for level 'ServerLevel[New World]'/minecraft:the_end
[19:20:44] [Server thread/INFO] (Minecraft) Player875 lost connection: Disconnected
[19:20:44] [Server thread/INFO] (Minecraft) Player875 left the game
[19:20:44] [Server thread/INFO] (Minecraft) Stopping singleplayer server as player logged out
[19:20:44] [Server thread/INFO] (Minecraft) Stopping server
[19:20:44] [Server thread/INFO] (Minecraft) Saving players
[19:20:44] [Server thread/INFO] (Minecraft) Saving worlds
[19:20:45] [Server thread/INFO] (Minecraft) Saving chunks for level 'ServerLevel[New World]'/minecraft:overworld
[19:20:45] [Server thread/INFO] (Minecraft) Saving chunks for level 'ServerLevel[New World]'/minecraft:the_nether
[19:20:45] [Server thread/INFO] (Minecraft) Saving chunks for level 'ServerLevel[New World]'/minecraft:the_end
[19:20:45] [Server thread/INFO] (Minecraft) ThreadedAnvilChunkStorage (New World): All chunks are saved
[19:20:45] [Server thread/INFO] (Minecraft) ThreadedAnvilChunkStorage (DIM-1): All chunks are saved
[19:20:45] [Server thread/INFO] (Minecraft) ThreadedAnvilChunkStorage (DIM1): All chunks are saved
[19:20:45] [Server thread/INFO] (Minecraft) ThreadedAnvilChunkStorage: All dimensions are saved
[19:20:47] [Render thread/INFO] (Minecraft) Stopping!
